<?xml version="1.0" encoding="UTF-8"?>
<!-- Generated by org.testng.reporters.JUnitReportReporter -->
<testsuite hostname="COMPUTER" failures="0" tests="5" name="org.testng.ex.SampleTstNG" time="0.027" errors="0" timestamp="16 Jul 2021 15:59:41 GMT" skipped="1">
  <testcase classname="org.testng.ex.SampleTstNG" name="tc4" time="0.004"/>
  <testcase classname="org.testng.ex.SampleTstNG" name="tc4" time="0.003"/>
  <testcase classname="org.testng.ex.SampleTstNG" name="tc4" time="0.014"/>
  <testcase classname="org.testng.ex.SampleTstNG" name="tc" time="0.006"/>
  <testcase classname="org.testng.ex.SampleTstNG" name="tc1">
    <skipped/>
  </testcase> <!-- tc1 -->
</testsuite> <!-- org.testng.ex.SampleTstNG -->
